[3/27/2023, 6:57:38 PM] server	 employee-route.js - req.params must be a number: NaN
[3/28/2023, 6:30:27 PM] server	 employee-route.js - empId could not be parse Bad Request
[3/28/2023, 6:30:27 PM] server	 employee-route.js - req.params must be a number: undefined
[3/28/2023, 6:30:31 PM] server	 employee-route.js - empId could not be parse Bad Request
[3/28/2023, 6:30:31 PM] server	 employee-route.js - req.params must be a number: undefined
[3/28/2023, 6:31:54 PM] server	 employee-route.js - empId could not be parse Bad Request
[3/28/2023, 6:31:54 PM] server	 employee-route.js - id could not be parsed: foo
[3/28/2023, 6:36:37 PM] server	 employee-route.js - empId could not be parse Bad Request
[3/28/2023, 6:36:37 PM] server	 employee-route.js - id could not be parsed: foo
[3/28/2023, 6:41:34 PM] server	 employee-route.js - NotFoundError: Not Found
[3/28/2023, 6:42:35 PM] server	 employee-route.js - empId could not be parse Bad Request
[3/28/2023, 6:42:35 PM] server	 employee-route.js - id could not be parsed: foo
[3/28/2023, 6:42:41 PM] server	 employee-route.js - empId could not be parse Bad Request
[3/28/2023, 6:42:41 PM] server	 employee-route.js - req.params must be a number: foo
[3/29/2023, 4:28:37 PM] server	 employee-route.js - empId could not be parse Bad Request
[3/29/2023, 4:28:37 PM] server	 employee-route.js - req.params must be a number: foo
[3/29/2023, 4:29:16 PM] server	 employee-route.js - NotFoundError: Not Found
[3/29/2023, 5:19:54 PM] server	 employee-route.js - NotFoundError: Not Found
[3/30/2023, 5:53:51 PM] server	 employee-route.js - NotFoundError: Not Found
[3/30/2023, 5:54:37 PM] server	 employee-route.js - NotFoundError: Not Found
[3/30/2023, 5:56:28 PM] server	 employee-route.js - NotFoundError: Not Found
[3/30/2023, 5:56:50 PM] server	 employee-route.js - NotFoundError: Not Found
[3/30/2023, 6:00:39 PM] server	 employee-route.js - NotFoundError: Not Found
[3/30/2023, 6:04:23 PM] server	 employee-route.js - NotFoundError: Not Found
[3/30/2023, 6:05:04 PM] server	 employee-route.js - NotFoundError: Not Found
[3/30/2023, 6:06:15 PM] server	 employee-route.js - NotFoundError: Not Found
[3/30/2023, 6:07:15 PM] server	 employee-route.js - NotFoundError: Not Found
[3/30/2023, 6:08:08 PM] server	 employee-route.js - NotFoundError: Not Found
[3/30/2023, 6:09:41 PM] server	 employee-route.js - NotFoundError: Not Found
[3/30/2023, 6:12:53 PM] server	 employee-route.js - NotFoundError: Not Found
[3/30/2023, 6:16:22 PM] server	 employee-route.js - NotFoundError: Not Found
[3/30/2023, 6:18:51 PM] server	 employee-route.js - NotFoundError: Not Found
[3/30/2023, 6:18:58 PM] server	 employee-route.js - NotFoundError: Not Found
[3/30/2023, 6:19:33 PM] server	 employee-route.js - NotFoundError: Not Found
[3/30/2023, 6:25:44 PM] server	 employee-route.js - NotFoundError: Not Found
[3/30/2023, 6:48:20 PM] server	 employee-route.js - NotFoundError: Not Found
[3/30/2023, 6:54:50 PM] server	 employee-route.js - NotFoundError: Not Found
[3/30/2023, 6:58:32 PM] server	 employee-route.js - NotFoundError: Not Found
[3/30/2023, 7:31:15 PM] server	 employee-route.js - NotFoundError: Not Found
[3/30/2023, 7:33:40 PM] server	 employee-route.js - NotFoundError: Not Found
[3/30/2023, 7:34:16 PM] server	 employee-route.js - NotFoundError: Not Found
[3/30/2023, 7:35:18 PM] server	 employee-route.js - NotFoundError: Not Found
[3/30/2023, 7:38:54 PM] server	 employee-route.js - NotFoundError: Not Found
[3/30/2023, 7:47:17 PM] server	 employee-route.js - NotFoundError: Not Found
[3/30/2023, 9:10:48 PM] server	 employee-route.js - empId could not be parse Bad Request
[3/30/2023, 9:10:48 PM] server	 employee-route.js - req.params must be a number: NaN
[3/30/2023, 9:11:02 PM] server	 employee-route.js - empId could not be parse Bad Request
[3/30/2023, 9:11:02 PM] server	 employee-route.js - req.params must be a number: NaN
[3/30/2023, 9:14:35 PM] server	 employee-route.js - empId could not be parse Bad Request
[3/30/2023, 9:14:35 PM] server	 employee-route.js - req.params must be a number: NaN
[3/30/2023, 9:14:48 PM] server	 employee-route.js - empId could not be parse Bad Request
[3/30/2023, 9:14:48 PM] server	 employee-route.js - req.params must be a number: NaN
[3/30/2023, 9:17:45 PM] server	 employee-route.js - empId could not be parse Bad Request
[3/30/2023, 9:17:45 PM] server	 employee-route.js - req.params must be a number: NaN
[3/30/2023, 9:24:35 PM] server	 employee-route.js - empId could not be parse Bad Request
[3/30/2023, 9:24:35 PM] server	 employee-route.js - req.params must be a number: NaN
[3/30/2023, 9:28:47 PM] server	 employee-route.js - empId could not be parse Bad Request
[3/30/2023, 9:28:47 PM] server	 employee-route.js - req.params must be a number: NaN
[3/30/2023, 9:40:07 PM] server	 employee-route.js - empId could not be parse Bad Request
[3/30/2023, 9:40:07 PM] server	 employee-route.js - req.params must be a number: NaN
[3/30/2023, 9:51:57 PM] server	 employee-route.js - empId could not be parse Bad Request
[3/30/2023, 9:51:57 PM] server	 employee-route.js - req.params must be a number: NaN
[3/30/2023, 9:55:32 PM] server	 employee-route.js - empId could not be parse Bad Request
[3/30/2023, 9:55:32 PM] server	 employee-route.js - req.params must be a number: NaN
[3/30/2023, 10:06:30 PM] server	 employee-route.js - empId could not be parse Bad Request
[3/30/2023, 10:06:30 PM] server	 employee-route.js - req.params must be a number: NaN
[3/30/2023, 10:18:32 PM] server	 employee-route.js - empId could not be parse Bad Request
[3/30/2023, 10:18:32 PM] server	 employee-route.js - req.params must be a number: NaN
[3/30/2023, 10:25:29 PM] server	 employee-route.js - empId could not be parse Bad Request
[3/30/2023, 10:25:29 PM] server	 employee-route.js - req.params must be a number: NaN
[3/30/2023, 11:19:04 PM] server	 employee-route.js - empId could not be parse Bad Request
[3/30/2023, 11:19:04 PM] server	 employee-route.js - req.params must be a number: NaN
[3/30/2023, 11:24:52 PM] server	 employee-route.js - empId could not be parse Bad Request
[3/30/2023, 11:24:52 PM] server	 employee-route.js - req.params must be a number: NaN
[3/30/2023, 11:32:00 PM] server	 employee-route.js - empId could not be parse Bad Request
[3/30/2023, 11:32:00 PM] server	 employee-route.js - req.params must be a number: NaN
[3/30/2023, 11:56:55 PM] server	 employee-route.js - empId could not be parse Bad Request
[3/30/2023, 11:56:55 PM] server	 employee-route.js - req.params must be a number: NaN
